{"type":"server-started","port":63643,"host":"127.0.0.1","url_host":"localhost","url":"http://localhost:63643","screen_dir":"/Users/michelfeldheim/Documents/Workspaces/infra/klyra/.superpowers/brainstorm/13019-1778265751/content","state_dir":"/Users/michelfeldheim/Documents/Workspaces/infra/klyra/.superpowers/brainstorm/13019-1778265751/state"}
{"type":"screen-added","file":"/Users/michelfeldheim/Documents/Workspaces/infra/klyra/.superpowers/brainstorm/13019-1778265751/content/architecture.html"}
{"type":"screen-updated","file":"/Users/michelfeldheim/Documents/Workspaces/infra/klyra/.superpowers/brainstorm/13019-1778265751/content/architecture.html"}
{"type":"screen-updated","file":"/Users/michelfeldheim/Documents/Workspaces/infra/klyra/.superpowers/brainstorm/13019-1778265751/content/architecture.html"}
{"type":"screen-updated","file":"/Users/michelfeldheim/Documents/Workspaces/infra/klyra/.superpowers/brainstorm/13019-1778265751/content/architecture.html"}
{"type":"screen-added","file":"/Users/michelfeldheim/Documents/Workspaces/infra/klyra/.superpowers/brainstorm/13019-1778265751/content/config-schema.html"}
{"type":"screen-updated","file":"/Users/michelfeldheim/Documents/Workspaces/infra/klyra/.superpowers/brainstorm/13019-1778265751/content/config-schema.html"}
{"type":"screen-updated","file":"/Users/michelfeldheim/Documents/Workspaces/infra/klyra/.superpowers/brainstorm/13019-1778265751/content/config-schema.html"}
{"type":"screen-updated","file":"/Users/michelfeldheim/Documents/Workspaces/infra/klyra/.superpowers/brainstorm/13019-1778265751/content/config-schema.html"}
{"type":"screen-added","file":"/Users/michelfeldheim/Documents/Workspaces/infra/klyra/.superpowers/brainstorm/13019-1778265751/content/internals.html"}
{"type":"screen-updated","file":"/Users/michelfeldheim/Documents/Workspaces/infra/klyra/.superpowers/brainstorm/13019-1778265751/content/internals.html"}
{"type":"screen-updated","file":"/Users/michelfeldheim/Documents/Workspaces/infra/klyra/.superpowers/brainstorm/13019-1778265751/content/internals.html"}
{"type":"screen-updated","file":"/Users/michelfeldheim/Documents/Workspaces/infra/klyra/.superpowers/brainstorm/13019-1778265751/content/internals.html"}
{"type":"screen-added","file":"/Users/michelfeldheim/Documents/Workspaces/infra/klyra/.superpowers/brainstorm/13019-1778265751/content/project-structure.html"}
{"type":"screen-updated","file":"/Users/michelfeldheim/Documents/Workspaces/infra/klyra/.superpowers/brainstorm/13019-1778265751/content/project-structure.html"}
{"type":"screen-updated","file":"/Users/michelfeldheim/Documents/Workspaces/infra/klyra/.superpowers/brainstorm/13019-1778265751/content/project-structure.html"}
{"type":"screen-updated","file":"/Users/michelfeldheim/Documents/Workspaces/infra/klyra/.superpowers/brainstorm/13019-1778265751/content/project-structure.html"}
{"type":"screen-added","file":"/Users/michelfeldheim/Documents/Workspaces/infra/klyra/.superpowers/brainstorm/13019-1778265751/content/ui-dashboard.html"}
{"type":"screen-updated","file":"/Users/michelfeldheim/Documents/Workspaces/infra/klyra/.superpowers/brainstorm/13019-1778265751/content/ui-dashboard.html"}
{"type":"screen-updated","file":"/Users/michelfeldheim/Documents/Workspaces/infra/klyra/.superpowers/brainstorm/13019-1778265751/content/ui-dashboard.html"}
{"type":"screen-updated","file":"/Users/michelfeldheim/Documents/Workspaces/infra/klyra/.superpowers/brainstorm/13019-1778265751/content/ui-dashboard.html"}
{"type":"screen-added","file":"/Users/michelfeldheim/Documents/Workspaces/infra/klyra/.superpowers/brainstorm/13019-1778265751/content/waiting.html"}
{"type":"screen-updated","file":"/Users/michelfeldheim/Documents/Workspaces/infra/klyra/.superpowers/brainstorm/13019-1778265751/content/waiting.html"}
{"type":"screen-updated","file":"/Users/michelfeldheim/Documents/Workspaces/infra/klyra/.superpowers/brainstorm/13019-1778265751/content/waiting.html"}
{"type":"server-stopped","reason":"idle timeout"}
